<?xml version="1.0" encoding="UTF-8"?>
<!-- Generated by org.testng.reporters.JUnitReportReporter -->
<testsuite skipped="0" hostname="DESKTOP-R4ROKKV" name="test.AddCategoryTest" tests="1" failures="0" timestamp="28 Jun 2021 15:38:47 GMT" time="9.842" errors="0">
  <testcase name="UserShouldBeAbleToAddCategory" time="9.842" classname="test.AddCategoryTest"/>
</testsuite> <!-- test.AddCategoryTest -->
